<?xml version="1.0" encoding="UTF-8"?>
<testng-results skipped="0" failed="0" total="1" passed="1">
  <reporter-output>
  </reporter-output>
  <suite name="Default suite" duration-ms="2010" started-at="2020-04-27T20:21:59Z" finished-at="2020-04-27T20:22:01Z">
    <groups>
    </groups>
    <test name="Default test" duration-ms="2010" started-at="2020-04-27T20:21:59Z" finished-at="2020-04-27T20:22:01Z">
      <class name="com.qa.tests.POST_API_Test">
        <test-method status="PASS" signature="set()[pri:0, instance:com.qa.tests.POST_API_Test@2ef5e5e3]" name="set" is-config="true" duration-ms="11" started-at="2020-04-28T01:51:59Z" finished-at="2020-04-28T01:51:59Z">
          <reporter-output>
          </reporter-output>
        </test-method> <!-- set -->
        <test-method status="PASS" signature="postApiTest()[pri:0, instance:com.qa.tests.POST_API_Test@2ef5e5e3]" name="postApiTest" duration-ms="1977" started-at="2020-04-28T01:51:59Z" finished-at="2020-04-28T01:52:01Z">
          <reporter-output>
          </reporter-output>
        </test-method> <!-- postApiTest -->
      </class> <!-- com.qa.tests.POST_API_Test -->
    </test> <!-- Default test -->
  </suite> <!-- Default suite -->
</testng-results>
